<?xml version="1.0" encoding="UTF-8"?>
<!-- Generated by org.testng.reporters.JUnitReportReporter -->
<testsuite skipped="0" hostname="krish" name="basics.c1" tests="1" failures="0" timestamp="2022-08-17T06:33:17 IST" time="5.797" errors="0">
  <testcase name="imp" time="5.797" classname="basics.c1"/>
  <system-out/>
</testsuite> <!-- basics.c1 -->
