<?xml version="1.0" encoding="UTF-8"?>
<!-- Generated by org.testng.reporters.JUnitReportReporter -->
<testsuite skipped="0" hostname="krish" name="excelreadandwrite.c2" tests="1" failures="0" timestamp="2022-08-18T06:27:13 IST" time="0.687" errors="0">
  <testcase name="rw" time="0.687" classname="excelreadandwrite.c2"/>
  <system-out/>
</testsuite> <!-- excelreadandwrite.c2 -->
