<?xml version="1.0" encoding="UTF-8"?>
<!-- Generated by org.testng.reporters.JUnitReportReporter -->
<testsuite skipped="0" hostname="krish" name="pack2.c3" tests="1" failures="0" timestamp="2022-08-18T18:20:26 IST" time="15.640" errors="0">
  <testcase name="t3" time="15.640" classname="pack2.c3"/>
  <system-out/>
</testsuite> <!-- pack2.c3 -->
